[01-Mar-2026 11:42:17 Europe/Berlin] Import: Starting import of 515 rows
[01-Mar-2026 11:42:50 Europe/Berlin] Import: Starting import of 105 rows
[05-Mar-2026 13:55:57 Europe/Berlin] Import: Starting import of 449 rows
[05-Mar-2026 14:00:41 Europe/Berlin] Import: Starting import of 6 rows
[05-Mar-2026 14:00:41 Europe/Berlin] Import: Error at row 2: Serial Number '513000070003' ซ้ำกับครุภัณฑ์ที่มีอยู่แล้วในระบบ
[05-Mar-2026 14:00:41 Europe/Berlin] Import: Error at row 3: Serial Number '513000070003' ซ้ำกับครุภัณฑ์ที่มีอยู่แล้วในระบบ
[05-Mar-2026 14:00:41 Europe/Berlin] Import: Error at row 5: หมายเลขครุภัณฑ์ (Barcode) '712500020001-30502-00001' ซ้ำกับครุภัณฑ์ที่มีอยู่แล้วในระบบ
[05-Mar-2026 14:00:41 Europe/Berlin] Import: Error at row 6: Serial Number '513000070003' ซ้ำกับครุภัณฑ์ที่มีอยู่แล้วในระบบ
[05-Mar-2026 14:27:50 Europe/Berlin] PHP Fatal error:  Uncaught Error: Call to a member function exec() on null in D:\xampp_assets\htdocs\asset-management\asset_management_api\controllers\AuthController.php:185
Stack trace:
#0 D:\xampp_assets\htdocs\asset-management\asset_management_api\controllers\AuthController.php(121): AuthController->ensureLoginAttemptsTable()
#1 D:\xampp_assets\htdocs\asset-management\asset_management_api\controllers\AuthController.php(26): AuthController->checkLoginAttempts('admin')
#2 D:\xampp_assets\htdocs\asset-management\asset_management_api\index.php(42): AuthController->login()
#3 {main}
  thrown in D:\xampp_assets\htdocs\asset-management\asset_management_api\controllers\AuthController.php on line 185
[05-Mar-2026 14:28:02 Europe/Berlin] PHP Fatal error:  Uncaught Error: Call to a member function exec() on null in D:\xampp_assets\htdocs\asset-management\asset_management_api\controllers\AuthController.php:185
Stack trace:
#0 D:\xampp_assets\htdocs\asset-management\asset_management_api\controllers\AuthController.php(121): AuthController->ensureLoginAttemptsTable()
#1 D:\xampp_assets\htdocs\asset-management\asset_management_api\controllers\AuthController.php(26): AuthController->checkLoginAttempts('admin')
#2 D:\xampp_assets\htdocs\asset-management\asset_management_api\index.php(42): AuthController->login()
#3 {main}
  thrown in D:\xampp_assets\htdocs\asset-management\asset_management_api\controllers\AuthController.php on line 185
[05-Mar-2026 14:31:08 Europe/Berlin] PHP Fatal error:  Uncaught Error: Call to a member function exec() on null in D:\xampp_assets\htdocs\asset-management\asset_management_api\controllers\AuthController.php:185
Stack trace:
#0 D:\xampp_assets\htdocs\asset-management\asset_management_api\controllers\AuthController.php(121): AuthController->ensureLoginAttemptsTable()
#1 D:\xampp_assets\htdocs\asset-management\asset_management_api\controllers\AuthController.php(26): AuthController->checkLoginAttempts('admin')
#2 D:\xampp_assets\htdocs\asset-management\asset_management_api\index.php(42): AuthController->login()
#3 {main}
  thrown in D:\xampp_assets\htdocs\asset-management\asset_management_api\controllers\AuthController.php on line 185
[05-Mar-2026 14:31:23 Europe/Berlin] PHP Fatal error:  Uncaught Error: Call to a member function exec() on null in D:\xampp_assets\htdocs\asset-management\asset_management_api\controllers\AuthController.php:185
Stack trace:
#0 D:\xampp_assets\htdocs\asset-management\asset_management_api\controllers\AuthController.php(121): AuthController->ensureLoginAttemptsTable()
#1 D:\xampp_assets\htdocs\asset-management\asset_management_api\controllers\AuthController.php(26): AuthController->checkLoginAttempts('admin')
#2 D:\xampp_assets\htdocs\asset-management\asset_management_api\index.php(42): AuthController->login()
#3 {main}
  thrown in D:\xampp_assets\htdocs\asset-management\asset_management_api\controllers\AuthController.php on line 185
[05-Mar-2026 14:31:34 Europe/Berlin] PHP Fatal error:  Uncaught Error: Call to a member function exec() on null in D:\xampp_assets\htdocs\asset-management\asset_management_api\controllers\AuthController.php:185
Stack trace:
#0 D:\xampp_assets\htdocs\asset-management\asset_management_api\controllers\AuthController.php(121): AuthController->ensureLoginAttemptsTable()
#1 D:\xampp_assets\htdocs\asset-management\asset_management_api\controllers\AuthController.php(26): AuthController->checkLoginAttempts('admin')
#2 D:\xampp_assets\htdocs\asset-management\asset_management_api\index.php(42): AuthController->login()
#3 {main}
  thrown in D:\xampp_assets\htdocs\asset-management\asset_management_api\controllers\AuthController.php on line 185
[05-Mar-2026 14:39:49 Europe/Berlin] PHP Fatal error:  Uncaught Error: Call to a member function exec() on null in D:\xampp_assets\htdocs\asset-management\asset_management_api\controllers\AuthController.php:185
Stack trace:
#0 D:\xampp_assets\htdocs\asset-management\asset_management_api\controllers\AuthController.php(121): AuthController->ensureLoginAttemptsTable()
#1 D:\xampp_assets\htdocs\asset-management\asset_management_api\controllers\AuthController.php(26): AuthController->checkLoginAttempts('admin')
#2 D:\xampp_assets\htdocs\asset-management\asset_management_api\index.php(42): AuthController->login()
#3 {main}
  thrown in D:\xampp_assets\htdocs\asset-management\asset_management_api\controllers\AuthController.php on line 185
[05-Mar-2026 14:41:10 Europe/Berlin] PHP Fatal error:  Uncaught Error: Call to a member function exec() on null in D:\xampp_assets\htdocs\asset-management\asset_management_api\controllers\AuthController.php:185
Stack trace:
#0 D:\xampp_assets\htdocs\asset-management\asset_management_api\controllers\AuthController.php(121): AuthController->ensureLoginAttemptsTable()
#1 D:\xampp_assets\htdocs\asset-management\asset_management_api\controllers\AuthController.php(26): AuthController->checkLoginAttempts('admin')
#2 D:\xampp_assets\htdocs\asset-management\asset_management_api\index.php(42): AuthController->login()
#3 {main}
  thrown in D:\xampp_assets\htdocs\asset-management\asset_management_api\controllers\AuthController.php on line 185
[05-Mar-2026 14:41:11 Europe/Berlin] PHP Fatal error:  Uncaught Error: Call to a member function exec() on null in D:\xampp_assets\htdocs\asset-management\asset_management_api\controllers\AuthController.php:185
Stack trace:
#0 D:\xampp_assets\htdocs\asset-management\asset_management_api\controllers\AuthController.php(121): AuthController->ensureLoginAttemptsTable()
#1 D:\xampp_assets\htdocs\asset-management\asset_management_api\controllers\AuthController.php(26): AuthController->checkLoginAttempts('admin')
#2 D:\xampp_assets\htdocs\asset-management\asset_management_api\index.php(42): AuthController->login()
#3 {main}
  thrown in D:\xampp_assets\htdocs\asset-management\asset_management_api\controllers\AuthController.php on line 185
[05-Mar-2026 14:41:11 Europe/Berlin] PHP Fatal error:  Uncaught Error: Call to a member function exec() on null in D:\xampp_assets\htdocs\asset-management\asset_management_api\controllers\AuthController.php:185
Stack trace:
#0 D:\xampp_assets\htdocs\asset-management\asset_management_api\controllers\AuthController.php(121): AuthController->ensureLoginAttemptsTable()
#1 D:\xampp_assets\htdocs\asset-management\asset_management_api\controllers\AuthController.php(26): AuthController->checkLoginAttempts('admin')
#2 D:\xampp_assets\htdocs\asset-management\asset_management_api\index.php(42): AuthController->login()
#3 {main}
  thrown in D:\xampp_assets\htdocs\asset-management\asset_management_api\controllers\AuthController.php on line 185
[05-Mar-2026 14:41:11 Europe/Berlin] PHP Fatal error:  Uncaught Error: Call to a member function exec() on null in D:\xampp_assets\htdocs\asset-management\asset_management_api\controllers\AuthController.php:185
Stack trace:
#0 D:\xampp_assets\htdocs\asset-management\asset_management_api\controllers\AuthController.php(121): AuthController->ensureLoginAttemptsTable()
#1 D:\xampp_assets\htdocs\asset-management\asset_management_api\controllers\AuthController.php(26): AuthController->checkLoginAttempts('admin')
#2 D:\xampp_assets\htdocs\asset-management\asset_management_api\index.php(42): AuthController->login()
#3 {main}
  thrown in D:\xampp_assets\htdocs\asset-management\asset_management_api\controllers\AuthController.php on line 185
[05-Mar-2026 14:41:11 Europe/Berlin] PHP Fatal error:  Uncaught Error: Call to a member function exec() on null in D:\xampp_assets\htdocs\asset-management\asset_management_api\controllers\AuthController.php:185
Stack trace:
#0 D:\xampp_assets\htdocs\asset-management\asset_management_api\controllers\AuthController.php(121): AuthController->ensureLoginAttemptsTable()
#1 D:\xampp_assets\htdocs\asset-management\asset_management_api\controllers\AuthController.php(26): AuthController->checkLoginAttempts('admin')
#2 D:\xampp_assets\htdocs\asset-management\asset_management_api\index.php(42): AuthController->login()
#3 {main}
  thrown in D:\xampp_assets\htdocs\asset-management\asset_management_api\controllers\AuthController.php on line 185
[05-Mar-2026 14:41:12 Europe/Berlin] PHP Fatal error:  Uncaught Error: Call to a member function exec() on null in D:\xampp_assets\htdocs\asset-management\asset_management_api\controllers\AuthController.php:185
Stack trace:
#0 D:\xampp_assets\htdocs\asset-management\asset_management_api\controllers\AuthController.php(121): AuthController->ensureLoginAttemptsTable()
#1 D:\xampp_assets\htdocs\asset-management\asset_management_api\controllers\AuthController.php(26): AuthController->checkLoginAttempts('admin')
#2 D:\xampp_assets\htdocs\asset-management\asset_management_api\index.php(42): AuthController->login()
#3 {main}
  thrown in D:\xampp_assets\htdocs\asset-management\asset_management_api\controllers\AuthController.php on line 185
[05-Mar-2026 14:41:13 Europe/Berlin] PHP Fatal error:  Uncaught Error: Call to a member function exec() on null in D:\xampp_assets\htdocs\asset-management\asset_management_api\controllers\AuthController.php:185
Stack trace:
#0 D:\xampp_assets\htdocs\asset-management\asset_management_api\controllers\AuthController.php(121): AuthController->ensureLoginAttemptsTable()
#1 D:\xampp_assets\htdocs\asset-management\asset_management_api\controllers\AuthController.php(26): AuthController->checkLoginAttempts('admin')
#2 D:\xampp_assets\htdocs\asset-management\asset_management_api\index.php(42): AuthController->login()
#3 {main}
  thrown in D:\xampp_assets\htdocs\asset-management\asset_management_api\controllers\AuthController.php on line 185
[05-Mar-2026 14:41:13 Europe/Berlin] PHP Fatal error:  Uncaught Error: Call to a member function exec() on null in D:\xampp_assets\htdocs\asset-management\asset_management_api\controllers\AuthController.php:185
Stack trace:
#0 D:\xampp_assets\htdocs\asset-management\asset_management_api\controllers\AuthController.php(121): AuthController->ensureLoginAttemptsTable()
#1 D:\xampp_assets\htdocs\asset-management\asset_management_api\controllers\AuthController.php(26): AuthController->checkLoginAttempts('admin')
#2 D:\xampp_assets\htdocs\asset-management\asset_management_api\index.php(42): AuthController->login()
#3 {main}
  thrown in D:\xampp_assets\htdocs\asset-management\asset_management_api\controllers\AuthController.php on line 185
[05-Mar-2026 14:41:14 Europe/Berlin] PHP Fatal error:  Uncaught Error: Call to a member function exec() on null in D:\xampp_assets\htdocs\asset-management\asset_management_api\controllers\AuthController.php:185
Stack trace:
#0 D:\xampp_assets\htdocs\asset-management\asset_management_api\controllers\AuthController.php(121): AuthController->ensureLoginAttemptsTable()
#1 D:\xampp_assets\htdocs\asset-management\asset_management_api\controllers\AuthController.php(26): AuthController->checkLoginAttempts('admin')
#2 D:\xampp_assets\htdocs\asset-management\asset_management_api\index.php(42): AuthController->login()
#3 {main}
  thrown in D:\xampp_assets\htdocs\asset-management\asset_management_api\controllers\AuthController.php on line 185
[05-Mar-2026 14:41:15 Europe/Berlin] PHP Fatal error:  Uncaught Error: Call to a member function exec() on null in D:\xampp_assets\htdocs\asset-management\asset_management_api\controllers\AuthController.php:185
Stack trace:
#0 D:\xampp_assets\htdocs\asset-management\asset_management_api\controllers\AuthController.php(121): AuthController->ensureLoginAttemptsTable()
#1 D:\xampp_assets\htdocs\asset-management\asset_management_api\controllers\AuthController.php(26): AuthController->checkLoginAttempts('admin')
#2 D:\xampp_assets\htdocs\asset-management\asset_management_api\index.php(42): AuthController->login()
#3 {main}
  thrown in D:\xampp_assets\htdocs\asset-management\asset_management_api\controllers\AuthController.php on line 185
[05-Mar-2026 14:41:25 Europe/Berlin] PHP Fatal error:  Uncaught Error: Call to a member function exec() on null in D:\xampp_assets\htdocs\asset-management\asset_management_api\controllers\AuthController.php:185
Stack trace:
#0 D:\xampp_assets\htdocs\asset-management\asset_management_api\controllers\AuthController.php(121): AuthController->ensureLoginAttemptsTable()
#1 D:\xampp_assets\htdocs\asset-management\asset_management_api\controllers\AuthController.php(26): AuthController->checkLoginAttempts('admin')
#2 D:\xampp_assets\htdocs\asset-management\asset_management_api\index.php(42): AuthController->login()
#3 {main}
  thrown in D:\xampp_assets\htdocs\asset-management\asset_management_api\controllers\AuthController.php on line 185
[05-Mar-2026 14:48:12 Europe/Berlin] PHP Fatal error:  Uncaught Error: Call to a member function exec() on null in D:\xampp_assets\htdocs\asset-management\asset_management_api\controllers\AuthController.php:185
Stack trace:
#0 D:\xampp_assets\htdocs\asset-management\asset_management_api\controllers\AuthController.php(121): AuthController->ensureLoginAttemptsTable()
#1 D:\xampp_assets\htdocs\asset-management\asset_management_api\controllers\AuthController.php(26): AuthController->checkLoginAttempts('admin')
#2 D:\xampp_assets\htdocs\asset-management\asset_management_api\index.php(42): AuthController->login()
#3 {main}
  thrown in D:\xampp_assets\htdocs\asset-management\asset_management_api\controllers\AuthController.php on line 185
[05-Mar-2026 14:48:13 Europe/Berlin] PHP Fatal error:  Uncaught Error: Call to a member function exec() on null in D:\xampp_assets\htdocs\asset-management\asset_management_api\controllers\AuthController.php:185
Stack trace:
#0 D:\xampp_assets\htdocs\asset-management\asset_management_api\controllers\AuthController.php(121): AuthController->ensureLoginAttemptsTable()
#1 D:\xampp_assets\htdocs\asset-management\asset_management_api\controllers\AuthController.php(26): AuthController->checkLoginAttempts('admin')
#2 D:\xampp_assets\htdocs\asset-management\asset_management_api\index.php(42): AuthController->login()
#3 {main}
  thrown in D:\xampp_assets\htdocs\asset-management\asset_management_api\controllers\AuthController.php on line 185
[05-Mar-2026 14:48:13 Europe/Berlin] PHP Fatal error:  Uncaught Error: Call to a member function exec() on null in D:\xampp_assets\htdocs\asset-management\asset_management_api\controllers\AuthController.php:185
Stack trace:
#0 D:\xampp_assets\htdocs\asset-management\asset_management_api\controllers\AuthController.php(121): AuthController->ensureLoginAttemptsTable()
#1 D:\xampp_assets\htdocs\asset-management\asset_management_api\controllers\AuthController.php(26): AuthController->checkLoginAttempts('admin')
#2 D:\xampp_assets\htdocs\asset-management\asset_management_api\index.php(42): AuthController->login()
#3 {main}
  thrown in D:\xampp_assets\htdocs\asset-management\asset_management_api\controllers\AuthController.php on line 185
[05-Mar-2026 14:48:13 Europe/Berlin] PHP Fatal error:  Uncaught Error: Call to a member function exec() on null in D:\xampp_assets\htdocs\asset-management\asset_management_api\controllers\AuthController.php:185
Stack trace:
#0 D:\xampp_assets\htdocs\asset-management\asset_management_api\controllers\AuthController.php(121): AuthController->ensureLoginAttemptsTable()
#1 D:\xampp_assets\htdocs\asset-management\asset_management_api\controllers\AuthController.php(26): AuthController->checkLoginAttempts('admin')
#2 D:\xampp_assets\htdocs\asset-management\asset_management_api\index.php(42): AuthController->login()
#3 {main}
  thrown in D:\xampp_assets\htdocs\asset-management\asset_management_api\controllers\AuthController.php on line 185
[05-Mar-2026 14:48:14 Europe/Berlin] PHP Fatal error:  Uncaught Error: Call to a member function exec() on null in D:\xampp_assets\htdocs\asset-management\asset_management_api\controllers\AuthController.php:185
Stack trace:
#0 D:\xampp_assets\htdocs\asset-management\asset_management_api\controllers\AuthController.php(121): AuthController->ensureLoginAttemptsTable()
#1 D:\xampp_assets\htdocs\asset-management\asset_management_api\controllers\AuthController.php(26): AuthController->checkLoginAttempts('admin')
#2 D:\xampp_assets\htdocs\asset-management\asset_management_api\index.php(42): AuthController->login()
#3 {main}
  thrown in D:\xampp_assets\htdocs\asset-management\asset_management_api\controllers\AuthController.php on line 185
[05-Mar-2026 14:48:14 Europe/Berlin] PHP Fatal error:  Uncaught Error: Call to a member function exec() on null in D:\xampp_assets\htdocs\asset-management\asset_management_api\controllers\AuthController.php:185
Stack trace:
#0 D:\xampp_assets\htdocs\asset-management\asset_management_api\controllers\AuthController.php(121): AuthController->ensureLoginAttemptsTable()
#1 D:\xampp_assets\htdocs\asset-management\asset_management_api\controllers\AuthController.php(26): AuthController->checkLoginAttempts('admin')
#2 D:\xampp_assets\htdocs\asset-management\asset_management_api\index.php(42): AuthController->login()
#3 {main}
  thrown in D:\xampp_assets\htdocs\asset-management\asset_management_api\controllers\AuthController.php on line 185
[05-Mar-2026 14:48:15 Europe/Berlin] PHP Fatal error:  Uncaught Error: Call to a member function exec() on null in D:\xampp_assets\htdocs\asset-management\asset_management_api\controllers\AuthController.php:185
Stack trace:
#0 D:\xampp_assets\htdocs\asset-management\asset_management_api\controllers\AuthController.php(121): AuthController->ensureLoginAttemptsTable()
#1 D:\xampp_assets\htdocs\asset-management\asset_management_api\controllers\AuthController.php(26): AuthController->checkLoginAttempts('admin')
#2 D:\xampp_assets\htdocs\asset-management\asset_management_api\index.php(42): AuthController->login()
#3 {main}
  thrown in D:\xampp_assets\htdocs\asset-management\asset_management_api\controllers\AuthController.php on line 185
[05-Mar-2026 14:48:15 Europe/Berlin] PHP Fatal error:  Uncaught Error: Call to a member function exec() on null in D:\xampp_assets\htdocs\asset-management\asset_management_api\controllers\AuthController.php:185
Stack trace:
#0 D:\xampp_assets\htdocs\asset-management\asset_management_api\controllers\AuthController.php(121): AuthController->ensureLoginAttemptsTable()
#1 D:\xampp_assets\htdocs\asset-management\asset_management_api\controllers\AuthController.php(26): AuthController->checkLoginAttempts('admin')
#2 D:\xampp_assets\htdocs\asset-management\asset_management_api\index.php(42): AuthController->login()
#3 {main}
  thrown in D:\xampp_assets\htdocs\asset-management\asset_management_api\controllers\AuthController.php on line 185
[05-Mar-2026 14:48:15 Europe/Berlin] PHP Fatal error:  Uncaught Error: Call to a member function exec() on null in D:\xampp_assets\htdocs\asset-management\asset_management_api\controllers\AuthController.php:185
Stack trace:
#0 D:\xampp_assets\htdocs\asset-management\asset_management_api\controllers\AuthController.php(121): AuthController->ensureLoginAttemptsTable()
#1 D:\xampp_assets\htdocs\asset-management\asset_management_api\controllers\AuthController.php(26): AuthController->checkLoginAttempts('admin')
#2 D:\xampp_assets\htdocs\asset-management\asset_management_api\index.php(42): AuthController->login()
#3 {main}
  thrown in D:\xampp_assets\htdocs\asset-management\asset_management_api\controllers\AuthController.php on line 185
[05-Mar-2026 14:48:15 Europe/Berlin] PHP Fatal error:  Uncaught Error: Call to a member function exec() on null in D:\xampp_assets\htdocs\asset-management\asset_management_api\controllers\AuthController.php:185
Stack trace:
#0 D:\xampp_assets\htdocs\asset-management\asset_management_api\controllers\AuthController.php(121): AuthController->ensureLoginAttemptsTable()
#1 D:\xampp_assets\htdocs\asset-management\asset_management_api\controllers\AuthController.php(26): AuthController->checkLoginAttempts('admin')
#2 D:\xampp_assets\htdocs\asset-management\asset_management_api\index.php(42): AuthController->login()
#3 {main}
  thrown in D:\xampp_assets\htdocs\asset-management\asset_management_api\controllers\AuthController.php on line 185
[05-Mar-2026 14:48:15 Europe/Berlin] PHP Fatal error:  Uncaught Error: Call to a member function exec() on null in D:\xampp_assets\htdocs\asset-management\asset_management_api\controllers\AuthController.php:185
Stack trace:
#0 D:\xampp_assets\htdocs\asset-management\asset_management_api\controllers\AuthController.php(121): AuthController->ensureLoginAttemptsTable()
#1 D:\xampp_assets\htdocs\asset-management\asset_management_api\controllers\AuthController.php(26): AuthController->checkLoginAttempts('admin')
#2 D:\xampp_assets\htdocs\asset-management\asset_management_api\index.php(42): AuthController->login()
#3 {main}
  thrown in D:\xampp_assets\htdocs\asset-management\asset_management_api\controllers\AuthController.php on line 185
[05-Mar-2026 14:48:16 Europe/Berlin] PHP Fatal error:  Uncaught Error: Call to a member function exec() on null in D:\xampp_assets\htdocs\asset-management\asset_management_api\controllers\AuthController.php:185
Stack trace:
#0 D:\xampp_assets\htdocs\asset-management\asset_management_api\controllers\AuthController.php(121): AuthController->ensureLoginAttemptsTable()
#1 D:\xampp_assets\htdocs\asset-management\asset_management_api\controllers\AuthController.php(26): AuthController->checkLoginAttempts('admin')
#2 D:\xampp_assets\htdocs\asset-management\asset_management_api\index.php(42): AuthController->login()
#3 {main}
  thrown in D:\xampp_assets\htdocs\asset-management\asset_management_api\controllers\AuthController.php on line 185
[05-Mar-2026 14:48:16 Europe/Berlin] PHP Fatal error:  Uncaught Error: Call to a member function exec() on null in D:\xampp_assets\htdocs\asset-management\asset_management_api\controllers\AuthController.php:185
Stack trace:
#0 D:\xampp_assets\htdocs\asset-management\asset_management_api\controllers\AuthController.php(121): AuthController->ensureLoginAttemptsTable()
#1 D:\xampp_assets\htdocs\asset-management\asset_management_api\controllers\AuthController.php(26): AuthController->checkLoginAttempts('admin')
#2 D:\xampp_assets\htdocs\asset-management\asset_management_api\index.php(42): AuthController->login()
#3 {main}
  thrown in D:\xampp_assets\htdocs\asset-management\asset_management_api\controllers\AuthController.php on line 185
[05-Mar-2026 14:48:16 Europe/Berlin] PHP Fatal error:  Uncaught Error: Call to a member function exec() on null in D:\xampp_assets\htdocs\asset-management\asset_management_api\controllers\AuthController.php:185
Stack trace:
#0 D:\xampp_assets\htdocs\asset-management\asset_management_api\controllers\AuthController.php(121): AuthController->ensureLoginAttemptsTable()
#1 D:\xampp_assets\htdocs\asset-management\asset_management_api\controllers\AuthController.php(26): AuthController->checkLoginAttempts('admin')
#2 D:\xampp_assets\htdocs\asset-management\asset_management_api\index.php(42): AuthController->login()
#3 {main}
  thrown in D:\xampp_assets\htdocs\asset-management\asset_management_api\controllers\AuthController.php on line 185
[05-Mar-2026 14:48:16 Europe/Berlin] PHP Fatal error:  Uncaught Error: Call to a member function exec() on null in D:\xampp_assets\htdocs\asset-management\asset_management_api\controllers\AuthController.php:185
Stack trace:
#0 D:\xampp_assets\htdocs\asset-management\asset_management_api\controllers\AuthController.php(121): AuthController->ensureLoginAttemptsTable()
#1 D:\xampp_assets\htdocs\asset-management\asset_management_api\controllers\AuthController.php(26): AuthController->checkLoginAttempts('admin')
#2 D:\xampp_assets\htdocs\asset-management\asset_management_api\index.php(42): AuthController->login()
#3 {main}
  thrown in D:\xampp_assets\htdocs\asset-management\asset_management_api\controllers\AuthController.php on line 185
[05-Mar-2026 14:48:16 Europe/Berlin] PHP Fatal error:  Uncaught Error: Call to a member function exec() on null in D:\xampp_assets\htdocs\asset-management\asset_management_api\controllers\AuthController.php:185
Stack trace:
#0 D:\xampp_assets\htdocs\asset-management\asset_management_api\controllers\AuthController.php(121): AuthController->ensureLoginAttemptsTable()
#1 D:\xampp_assets\htdocs\asset-management\asset_management_api\controllers\AuthController.php(26): AuthController->checkLoginAttempts('admin')
#2 D:\xampp_assets\htdocs\asset-management\asset_management_api\index.php(42): AuthController->login()
#3 {main}
  thrown in D:\xampp_assets\htdocs\asset-management\asset_management_api\controllers\AuthController.php on line 185
[05-Mar-2026 14:48:16 Europe/Berlin] PHP Fatal error:  Uncaught Error: Call to a member function exec() on null in D:\xampp_assets\htdocs\asset-management\asset_management_api\controllers\AuthController.php:185
Stack trace:
#0 D:\xampp_assets\htdocs\asset-management\asset_management_api\controllers\AuthController.php(121): AuthController->ensureLoginAttemptsTable()
#1 D:\xampp_assets\htdocs\asset-management\asset_management_api\controllers\AuthController.php(26): AuthController->checkLoginAttempts('admin')
#2 D:\xampp_assets\htdocs\asset-management\asset_management_api\index.php(42): AuthController->login()
#3 {main}
  thrown in D:\xampp_assets\htdocs\asset-management\asset_management_api\controllers\AuthController.php on line 185
[05-Mar-2026 14:48:17 Europe/Berlin] PHP Fatal error:  Uncaught Error: Call to a member function exec() on null in D:\xampp_assets\htdocs\asset-management\asset_management_api\controllers\AuthController.php:185
Stack trace:
#0 D:\xampp_assets\htdocs\asset-management\asset_management_api\controllers\AuthController.php(121): AuthController->ensureLoginAttemptsTable()
#1 D:\xampp_assets\htdocs\asset-management\asset_management_api\controllers\AuthController.php(26): AuthController->checkLoginAttempts('admin')
#2 D:\xampp_assets\htdocs\asset-management\asset_management_api\index.php(42): AuthController->login()
#3 {main}
  thrown in D:\xampp_assets\htdocs\asset-management\asset_management_api\controllers\AuthController.php on line 185
[05-Mar-2026 14:48:17 Europe/Berlin] PHP Fatal error:  Uncaught Error: Call to a member function exec() on null in D:\xampp_assets\htdocs\asset-management\asset_management_api\controllers\AuthController.php:185
Stack trace:
#0 D:\xampp_assets\htdocs\asset-management\asset_management_api\controllers\AuthController.php(121): AuthController->ensureLoginAttemptsTable()
#1 D:\xampp_assets\htdocs\asset-management\asset_management_api\controllers\AuthController.php(26): AuthController->checkLoginAttempts('admin')
#2 D:\xampp_assets\htdocs\asset-management\asset_management_api\index.php(42): AuthController->login()
#3 {main}
  thrown in D:\xampp_assets\htdocs\asset-management\asset_management_api\controllers\AuthController.php on line 185
[05-Mar-2026 14:48:17 Europe/Berlin] PHP Fatal error:  Uncaught Error: Call to a member function exec() on null in D:\xampp_assets\htdocs\asset-management\asset_management_api\controllers\AuthController.php:185
Stack trace:
#0 D:\xampp_assets\htdocs\asset-management\asset_management_api\controllers\AuthController.php(121): AuthController->ensureLoginAttemptsTable()
#1 D:\xampp_assets\htdocs\asset-management\asset_management_api\controllers\AuthController.php(26): AuthController->checkLoginAttempts('admin')
#2 D:\xampp_assets\htdocs\asset-management\asset_management_api\index.php(42): AuthController->login()
#3 {main}
  thrown in D:\xampp_assets\htdocs\asset-management\asset_management_api\controllers\AuthController.php on line 185
[05-Mar-2026 14:48:17 Europe/Berlin] PHP Fatal error:  Uncaught Error: Call to a member function exec() on null in D:\xampp_assets\htdocs\asset-management\asset_management_api\controllers\AuthController.php:185
Stack trace:
#0 D:\xampp_assets\htdocs\asset-management\asset_management_api\controllers\AuthController.php(121): AuthController->ensureLoginAttemptsTable()
#1 D:\xampp_assets\htdocs\asset-management\asset_management_api\controllers\AuthController.php(26): AuthController->checkLoginAttempts('admin')
#2 D:\xampp_assets\htdocs\asset-management\asset_management_api\index.php(42): AuthController->login()
#3 {main}
  thrown in D:\xampp_assets\htdocs\asset-management\asset_management_api\controllers\AuthController.php on line 185
[05-Mar-2026 14:49:05 Europe/Berlin] PHP Fatal error:  Uncaught Error: Call to a member function exec() on null in D:\xampp_assets\htdocs\asset-management\asset_management_api\controllers\AuthController.php:185
Stack trace:
#0 D:\xampp_assets\htdocs\asset-management\asset_management_api\controllers\AuthController.php(121): AuthController->ensureLoginAttemptsTable()
#1 D:\xampp_assets\htdocs\asset-management\asset_management_api\controllers\AuthController.php(26): AuthController->checkLoginAttempts('admin')
#2 D:\xampp_assets\htdocs\asset-management\asset_management_api\index.php(42): AuthController->login()
#3 {main}
  thrown in D:\xampp_assets\htdocs\asset-management\asset_management_api\controllers\AuthController.php on line 185
[05-Mar-2026 14:50:56 Europe/Berlin] PHP Fatal error:  Uncaught Error: Call to a member function exec() on null in D:\xampp_assets\htdocs\asset-management\asset_management_api\controllers\AuthController.php:185
Stack trace:
#0 D:\xampp_assets\htdocs\asset-management\asset_management_api\controllers\AuthController.php(121): AuthController->ensureLoginAttemptsTable()
#1 D:\xampp_assets\htdocs\asset-management\asset_management_api\controllers\AuthController.php(26): AuthController->checkLoginAttempts('admin')
#2 D:\xampp_assets\htdocs\asset-management\asset_management_api\index.php(42): AuthController->login()
#3 {main}
  thrown in D:\xampp_assets\htdocs\asset-management\asset_management_api\controllers\AuthController.php on line 185
[05-Mar-2026 14:50:57 Europe/Berlin] PHP Fatal error:  Uncaught Error: Call to a member function exec() on null in D:\xampp_assets\htdocs\asset-management\asset_management_api\controllers\AuthController.php:185
Stack trace:
#0 D:\xampp_assets\htdocs\asset-management\asset_management_api\controllers\AuthController.php(121): AuthController->ensureLoginAttemptsTable()
#1 D:\xampp_assets\htdocs\asset-management\asset_management_api\controllers\AuthController.php(26): AuthController->checkLoginAttempts('admin')
#2 D:\xampp_assets\htdocs\asset-management\asset_management_api\index.php(42): AuthController->login()
#3 {main}
  thrown in D:\xampp_assets\htdocs\asset-management\asset_management_api\controllers\AuthController.php on line 185
[05-Mar-2026 15:07:51 Europe/Berlin] OCR: Starting process for uploads/ocr_temp/ocr_1772719671_5381.jpg
[05-Mar-2026 15:07:51 Europe/Berlin] OCR: Received data via Base64/JSON
[05-Mar-2026 15:07:51 Europe/Berlin] OCR: Found Tesseract at "D:\xampp_assets\htdocs\asset-management\Tesseract-OCR\tesseract.exe"
[05-Mar-2026 15:07:51 Europe/Berlin] OCR: Running command: "D:\xampp_assets\htdocs\asset-management\Tesseract-OCR\tesseract.exe" "uploads/ocr_temp/ocr_1772719671_5381.jpg" stdout -l tha+eng --oem 1 --psm 6 2>&1
[05-Mar-2026 15:07:54 Europe/Berlin] OCR: Return code: 0
[09-Mar-2026 07:27:23 Europe/Berlin] ImageUpload: Received file: images.jpg size: 3080 type: image/jpeg
[09-Mar-2026 07:27:23 Europe/Berlin] ImageUpload: Attempting to resize image
[09-Mar-2026 07:27:23 Europe/Berlin] ImageUpload: Upload successful: uploads/assets/asset_69ae684b5c60e2.11396297.jpg
[10-Mar-2026 15:42:46 Europe/Berlin] PHP Fatal error:  Uncaught PDOException: SQLSTATE[42S02]: Base table or view not found: 1146 Table 'asset_management_db.system_settings' doesn't exist in D:\xampp_assets\htdocs\asset-management\asset_management_api\models\SystemSetting.php:26
Stack trace:
#0 D:\xampp_assets\htdocs\asset-management\asset_management_api\models\SystemSetting.php(26): PDOStatement->execute()
#1 D:\xampp_assets\htdocs\asset-management\asset_management_api\controllers\SystemSettingController.php(17): SystemSetting->getAll()
#2 D:\xampp_assets\htdocs\asset-management\asset_management_api\index.php(458): SystemSettingController->getAll()
#3 {main}
  thrown in D:\xampp_assets\htdocs\asset-management\asset_management_api\models\SystemSetting.php on line 26
[10-Mar-2026 15:42:46 Europe/Berlin] PHP Fatal error:  Uncaught PDOException: SQLSTATE[42S02]: Base table or view not found: 1146 Table 'asset_management_db.system_settings' doesn't exist in D:\xampp_assets\htdocs\asset-management\asset_management_api\models\SystemSetting.php:26
Stack trace:
#0 D:\xampp_assets\htdocs\asset-management\asset_management_api\models\SystemSetting.php(26): PDOStatement->execute()
#1 D:\xampp_assets\htdocs\asset-management\asset_management_api\controllers\SystemSettingController.php(17): SystemSetting->getAll()
#2 D:\xampp_assets\htdocs\asset-management\asset_management_api\index.php(458): SystemSettingController->getAll()
#3 {main}
  thrown in D:\xampp_assets\htdocs\asset-management\asset_management_api\models\SystemSetting.php on line 26
[10-Mar-2026 15:44:00 Europe/Berlin] PHP Fatal error:  Uncaught PDOException: SQLSTATE[42S02]: Base table or view not found: 1146 Table 'asset_management_db.system_settings' doesn't exist in D:\xampp_assets\htdocs\asset-management\asset_management_api\models\SystemSetting.php:35
Stack trace:
#0 D:\xampp_assets\htdocs\asset-management\asset_management_api\models\SystemSetting.php(35): PDOStatement->execute()
#1 D:\xampp_assets\htdocs\asset-management\asset_management_api\controllers\SystemSettingController.php(29): SystemSetting->update('annual_check_st...', '2026-04-18')
#2 D:\xampp_assets\htdocs\asset-management\asset_management_api\index.php(460): SystemSettingController->update()
#3 {main}
  thrown in D:\xampp_assets\htdocs\asset-management\asset_management_api\models\SystemSetting.php on line 35
[10-Mar-2026 15:53:09 Europe/Berlin] PHP Fatal error:  Uncaught PDOException: SQLSTATE[42S02]: Base table or view not found: 1146 Table 'asset_management_db.system_settings' doesn't exist in D:\xampp_assets\htdocs\asset-management\asset_management_api\models\SystemSetting.php:26
Stack trace:
#0 D:\xampp_assets\htdocs\asset-management\asset_management_api\models\SystemSetting.php(26): PDOStatement->execute()
#1 D:\xampp_assets\htdocs\asset-management\asset_management_api\controllers\SystemSettingController.php(17): SystemSetting->getAll()
#2 D:\xampp_assets\htdocs\asset-management\asset_management_api\index.php(458): SystemSettingController->getAll()
#3 {main}
  thrown in D:\xampp_assets\htdocs\asset-management\asset_management_api\models\SystemSetting.php on line 26
[10-Mar-2026 15:53:09 Europe/Berlin] PHP Fatal error:  Uncaught PDOException: SQLSTATE[42S02]: Base table or view not found: 1146 Table 'asset_management_db.system_settings' doesn't exist in D:\xampp_assets\htdocs\asset-management\asset_management_api\models\SystemSetting.php:26
Stack trace:
#0 D:\xampp_assets\htdocs\asset-management\asset_management_api\models\SystemSetting.php(26): PDOStatement->execute()
#1 D:\xampp_assets\htdocs\asset-management\asset_management_api\controllers\SystemSettingController.php(17): SystemSetting->getAll()
#2 D:\xampp_assets\htdocs\asset-management\asset_management_api\index.php(458): SystemSettingController->getAll()
#3 {main}
  thrown in D:\xampp_assets\htdocs\asset-management\asset_management_api\models\SystemSetting.php on line 26
[10-Mar-2026 15:53:41 Europe/Berlin] PHP Fatal error:  Uncaught PDOException: SQLSTATE[42S02]: Base table or view not found: 1146 Table 'asset_management_db.system_settings' doesn't exist in D:\xampp_assets\htdocs\asset-management\asset_management_api\models\SystemSetting.php:35
Stack trace:
#0 D:\xampp_assets\htdocs\asset-management\asset_management_api\models\SystemSetting.php(35): PDOStatement->execute()
#1 D:\xampp_assets\htdocs\asset-management\asset_management_api\controllers\SystemSettingController.php(29): SystemSetting->update('annual_check_st...', '2026-03-26')
#2 D:\xampp_assets\htdocs\asset-management\asset_management_api\index.php(460): SystemSettingController->update()
#3 {main}
  thrown in D:\xampp_assets\htdocs\asset-management\asset_management_api\models\SystemSetting.php on line 35
[10-Mar-2026 15:55:29 Europe/Berlin] PHP Fatal error:  Uncaught PDOException: SQLSTATE[42S02]: Base table or view not found: 1146 Table 'asset_management_db.system_settings' doesn't exist in D:\xampp_assets\htdocs\asset-management\asset_management_api\models\SystemSetting.php:26
Stack trace:
#0 D:\xampp_assets\htdocs\asset-management\asset_management_api\models\SystemSetting.php(26): PDOStatement->execute()
#1 D:\xampp_assets\htdocs\asset-management\asset_management_api\controllers\SystemSettingController.php(17): SystemSetting->getAll()
#2 D:\xampp_assets\htdocs\asset-management\asset_management_api\index.php(458): SystemSettingController->getAll()
#3 {main}
  thrown in D:\xampp_assets\htdocs\asset-management\asset_management_api\models\SystemSetting.php on line 26
[10-Mar-2026 15:55:29 Europe/Berlin] PHP Fatal error:  Uncaught PDOException: SQLSTATE[42S02]: Base table or view not found: 1146 Table 'asset_management_db.system_settings' doesn't exist in D:\xampp_assets\htdocs\asset-management\asset_management_api\models\SystemSetting.php:26
Stack trace:
#0 D:\xampp_assets\htdocs\asset-management\asset_management_api\models\SystemSetting.php(26): PDOStatement->execute()
#1 D:\xampp_assets\htdocs\asset-management\asset_management_api\controllers\SystemSettingController.php(17): SystemSetting->getAll()
#2 D:\xampp_assets\htdocs\asset-management\asset_management_api\index.php(458): SystemSettingController->getAll()
#3 {main}
  thrown in D:\xampp_assets\htdocs\asset-management\asset_management_api\models\SystemSetting.php on line 26
[10-Mar-2026 15:55:34 Europe/Berlin] PHP Fatal error:  Uncaught PDOException: SQLSTATE[42S02]: Base table or view not found: 1146 Table 'asset_management_db.system_settings' doesn't exist in D:\xampp_assets\htdocs\asset-management\asset_management_api\models\SystemSetting.php:35
Stack trace:
#0 D:\xampp_assets\htdocs\asset-management\asset_management_api\models\SystemSetting.php(35): PDOStatement->execute()
#1 D:\xampp_assets\htdocs\asset-management\asset_management_api\controllers\SystemSettingController.php(29): SystemSetting->update('annual_check_st...', '2026-03-28')
#2 D:\xampp_assets\htdocs\asset-management\asset_management_api\index.php(460): SystemSettingController->update()
#3 {main}
  thrown in D:\xampp_assets\htdocs\asset-management\asset_management_api\models\SystemSetting.php on line 35
[10-Mar-2026 15:58:41 Europe/Berlin] PHP Fatal error:  Uncaught PDOException: SQLSTATE[42S02]: Base table or view not found: 1146 Table 'asset_management_db.system_settings' doesn't exist in D:\xampp_assets\htdocs\asset-management\asset_management_api\models\SystemSetting.php:26
Stack trace:
#0 D:\xampp_assets\htdocs\asset-management\asset_management_api\models\SystemSetting.php(26): PDOStatement->execute()
#1 D:\xampp_assets\htdocs\asset-management\asset_management_api\controllers\SystemSettingController.php(17): SystemSetting->getAll()
#2 D:\xampp_assets\htdocs\asset-management\asset_management_api\index.php(458): SystemSettingController->getAll()
#3 {main}
  thrown in D:\xampp_assets\htdocs\asset-management\asset_management_api\models\SystemSetting.php on line 26
[10-Mar-2026 16:00:15 Europe/Berlin] PHP Fatal error:  Uncaught PDOException: SQLSTATE[42S02]: Base table or view not found: 1146 Table 'asset_management_db.system_settings' doesn't exist in D:\xampp_assets\htdocs\asset-management\asset_management_api\models\SystemSetting.php:26
Stack trace:
#0 D:\xampp_assets\htdocs\asset-management\asset_management_api\models\SystemSetting.php(26): PDOStatement->execute()
#1 D:\xampp_assets\htdocs\asset-management\asset_management_api\controllers\SystemSettingController.php(17): SystemSetting->getAll()
#2 D:\xampp_assets\htdocs\asset-management\asset_management_api\index.php(458): SystemSettingController->getAll()
#3 {main}
  thrown in D:\xampp_assets\htdocs\asset-management\asset_management_api\models\SystemSetting.php on line 26
[10-Mar-2026 16:00:16 Europe/Berlin] PHP Fatal error:  Uncaught PDOException: SQLSTATE[42S02]: Base table or view not found: 1146 Table 'asset_management_db.system_settings' doesn't exist in D:\xampp_assets\htdocs\asset-management\asset_management_api\models\SystemSetting.php:26
Stack trace:
#0 D:\xampp_assets\htdocs\asset-management\asset_management_api\models\SystemSetting.php(26): PDOStatement->execute()
#1 D:\xampp_assets\htdocs\asset-management\asset_management_api\controllers\SystemSettingController.php(17): SystemSetting->getAll()
#2 D:\xampp_assets\htdocs\asset-management\asset_management_api\index.php(458): SystemSettingController->getAll()
#3 {main}
  thrown in D:\xampp_assets\htdocs\asset-management\asset_management_api\models\SystemSetting.php on line 26
[10-Mar-2026 16:00:17 Europe/Berlin] PHP Fatal error:  Uncaught PDOException: SQLSTATE[42S02]: Base table or view not found: 1146 Table 'asset_management_db.system_settings' doesn't exist in D:\xampp_assets\htdocs\asset-management\asset_management_api\models\SystemSetting.php:26
Stack trace:
#0 D:\xampp_assets\htdocs\asset-management\asset_management_api\models\SystemSetting.php(26): PDOStatement->execute()
#1 D:\xampp_assets\htdocs\asset-management\asset_management_api\controllers\SystemSettingController.php(17): SystemSetting->getAll()
#2 D:\xampp_assets\htdocs\asset-management\asset_management_api\index.php(458): SystemSettingController->getAll()
#3 {main}
  thrown in D:\xampp_assets\htdocs\asset-management\asset_management_api\models\SystemSetting.php on line 26
[10-Mar-2026 16:00:17 Europe/Berlin] PHP Fatal error:  Uncaught PDOException: SQLSTATE[42S02]: Base table or view not found: 1146 Table 'asset_management_db.system_settings' doesn't exist in D:\xampp_assets\htdocs\asset-management\asset_management_api\models\SystemSetting.php:26
Stack trace:
#0 D:\xampp_assets\htdocs\asset-management\asset_management_api\models\SystemSetting.php(26): PDOStatement->execute()
#1 D:\xampp_assets\htdocs\asset-management\asset_management_api\controllers\SystemSettingController.php(17): SystemSetting->getAll()
#2 D:\xampp_assets\htdocs\asset-management\asset_management_api\index.php(458): SystemSettingController->getAll()
#3 {main}
  thrown in D:\xampp_assets\htdocs\asset-management\asset_management_api\models\SystemSetting.php on line 26
[10-Mar-2026 16:00:24 Europe/Berlin] PHP Fatal error:  Uncaught PDOException: SQLSTATE[42S02]: Base table or view not found: 1146 Table 'asset_management_db.system_settings' doesn't exist in D:\xampp_assets\htdocs\asset-management\asset_management_api\models\SystemSetting.php:37
Stack trace:
#0 D:\xampp_assets\htdocs\asset-management\asset_management_api\models\SystemSetting.php(37): PDOStatement->execute()
#1 D:\xampp_assets\htdocs\asset-management\asset_management_api\controllers\SystemSettingController.php(29): SystemSetting->update('annual_check_st...', '2026-03-26')
#2 D:\xampp_assets\htdocs\asset-management\asset_management_api\index.php(460): SystemSettingController->update()
#3 {main}
  thrown in D:\xampp_assets\htdocs\asset-management\asset_management_api\models\SystemSetting.php on line 37
[10-Mar-2026 16:00:34 Europe/Berlin] PHP Fatal error:  Uncaught PDOException: SQLSTATE[42S02]: Base table or view not found: 1146 Table 'asset_management_db.system_settings' doesn't exist in D:\xampp_assets\htdocs\asset-management\asset_management_api\models\SystemSetting.php:37
Stack trace:
#0 D:\xampp_assets\htdocs\asset-management\asset_management_api\models\SystemSetting.php(37): PDOStatement->execute()
#1 D:\xampp_assets\htdocs\asset-management\asset_management_api\controllers\SystemSettingController.php(29): SystemSetting->update('annual_check_st...', '2026-03-26')
#2 D:\xampp_assets\htdocs\asset-management\asset_management_api\index.php(460): SystemSettingController->update()
#3 {main}
  thrown in D:\xampp_assets\htdocs\asset-management\asset_management_api\models\SystemSetting.php on line 37
[10-Mar-2026 18:50:04 Europe/Berlin] Import: Starting import of 1 rows
[12-Mar-2026 03:33:36 Europe/Berlin] AuthController: Database connection failed.
[12-Mar-2026 03:33:36 Europe/Berlin] PHP Fatal error:  Uncaught Error: Call to a member function prepare() on null in D:\xampp_assets\htdocs\asset-management\asset_management_api\models\User.php:25
Stack trace:
#0 D:\xampp_assets\htdocs\asset-management\asset_management_api\controllers\AuthController.php(35): User->login()
#1 D:\xampp_assets\htdocs\asset-management\asset_management_api\index.php(42): AuthController->login()
#2 {main}
  thrown in D:\xampp_assets\htdocs\asset-management\asset_management_api\models\User.php on line 25
[12-Mar-2026 03:34:10 Europe/Berlin] AuthController: Database connection failed.
[12-Mar-2026 03:34:10 Europe/Berlin] PHP Fatal error:  Uncaught Error: Call to a member function prepare() on null in D:\xampp_assets\htdocs\asset-management\asset_management_api\models\User.php:25
Stack trace:
#0 D:\xampp_assets\htdocs\asset-management\asset_management_api\controllers\AuthController.php(35): User->login()
#1 D:\xampp_assets\htdocs\asset-management\asset_management_api\index.php(42): AuthController->login()
#2 {main}
  thrown in D:\xampp_assets\htdocs\asset-management\asset_management_api\models\User.php on line 25
[12-Mar-2026 03:36:05 Europe/Berlin] AuthController: Database connection failed.
[12-Mar-2026 03:36:05 Europe/Berlin] PHP Fatal error:  Uncaught Error: Call to a member function prepare() on null in D:\xampp_assets\htdocs\asset-management\asset_management_api\models\User.php:25
Stack trace:
#0 D:\xampp_assets\htdocs\asset-management\asset_management_api\controllers\AuthController.php(35): User->login()
#1 D:\xampp_assets\htdocs\asset-management\asset_management_api\index.php(42): AuthController->login()
#2 {main}
  thrown in D:\xampp_assets\htdocs\asset-management\asset_management_api\models\User.php on line 25
[12-Mar-2026 04:58:36 Europe/Berlin] PHP Fatal error:  Uncaught Error: Cannot access private property AssetCheck::$table_name in D:\xampp_assets\htdocs\asset-management\asset_management_api\controllers\AssetCheckController.php:234
Stack trace:
#0 D:\xampp_assets\htdocs\asset-management\asset_management_api\index.php(155): AssetCheckController->getAvailableYears()
#1 {main}
  thrown in D:\xampp_assets\htdocs\asset-management\asset_management_api\controllers\AssetCheckController.php on line 234
[12-Mar-2026 04:59:11 Europe/Berlin] PHP Fatal error:  Uncaught Error: Cannot access private property AssetCheck::$table_name in D:\xampp_assets\htdocs\asset-management\asset_management_api\controllers\AssetCheckController.php:234
Stack trace:
#0 D:\xampp_assets\htdocs\asset-management\asset_management_api\index.php(155): AssetCheckController->getAvailableYears()
#1 {main}
  thrown in D:\xampp_assets\htdocs\asset-management\asset_management_api\controllers\AssetCheckController.php on line 234
[12-Mar-2026 04:59:11 Europe/Berlin] PHP Fatal error:  Uncaught Error: Cannot access private property AssetCheck::$table_name in D:\xampp_assets\htdocs\asset-management\asset_management_api\controllers\AssetCheckController.php:234
Stack trace:
#0 D:\xampp_assets\htdocs\asset-management\asset_management_api\index.php(155): AssetCheckController->getAvailableYears()
#1 {main}
  thrown in D:\xampp_assets\htdocs\asset-management\asset_management_api\controllers\AssetCheckController.php on line 234
[12-Mar-2026 04:59:33 Europe/Berlin] PHP Fatal error:  Uncaught Error: Cannot access private property AssetCheck::$table_name in D:\xampp_assets\htdocs\asset-management\asset_management_api\controllers\AssetCheckController.php:234
Stack trace:
#0 D:\xampp_assets\htdocs\asset-management\asset_management_api\index.php(155): AssetCheckController->getAvailableYears()
#1 {main}
  thrown in D:\xampp_assets\htdocs\asset-management\asset_management_api\controllers\AssetCheckController.php on line 234
[12-Mar-2026 04:59:33 Europe/Berlin] PHP Fatal error:  Uncaught Error: Cannot access private property AssetCheck::$table_name in D:\xampp_assets\htdocs\asset-management\asset_management_api\controllers\AssetCheckController.php:234
Stack trace:
#0 D:\xampp_assets\htdocs\asset-management\asset_management_api\index.php(155): AssetCheckController->getAvailableYears()
#1 {main}
  thrown in D:\xampp_assets\htdocs\asset-management\asset_management_api\controllers\AssetCheckController.php on line 234
